------------------------------------------------------------
// src/diplomatic/react/DiplomaticView.tsx

import React, {
  forwardRef,
  useImperativeHandle,
  useLayoutEffect,
  useRef,
} from 'react';
import type {Annotation} from '../AnnoModel';
import type {Id} from '../Id';
import type {View} from '../View';
import {
  DiplomaticViewConfig,
  renderDiplomaticView,
} from '../renderDiplomaticView';

export type DiplomaticViewProps = {
  annotations: Record<Id, Annotation>;
  config: DiplomaticViewConfig;
  style?: React.CSSProperties;
};

export const DiplomaticView = forwardRef<
  View,
  DiplomaticViewProps
>(function DiplomaticView({ annotations, config, style }, ref) {
  const containerRef = useRef<HTMLDivElement>(null);
  const handleRef = useRef<View | null>(null);

  useLayoutEffect(() => {
    const $view = containerRef.current;
    if (!$view) {
      return;
    }

    $view.innerHTML = '';
    handleRef.current = renderDiplomaticView($view, annotations, config);
  }, [annotations, config]);

  useImperativeHandle(ref, () => handleRef.current!, [annotations, config]);

  return <div
    ref={containerRef}
    style={style}
  />;
});
------------------------------------------------------------
// src/diplomatic/react/LineByLineLayout.tsx

import React, {
  forwardRef,
  useImperativeHandle,
  useLayoutEffect,
  useRef,
} from 'react';
import type {Annotation} from '../AnnoModel';
import type {Id} from '../Id';
import type {View} from '../View';
import {DiplomaticViewConfig,} from '../renderDiplomaticView';
import {renderLineByLineView} from "../../normalized/renderLineByLineView";

export type DiplomaticViewProps = {
  annotations: Record<Id, Annotation>;
  config: DiplomaticViewConfig;
  style?: React.CSSProperties;
};

export const LineByLineLayout = forwardRef<
  View,
  DiplomaticViewProps
>(function LineByLineLayout({ annotations, config, style }, ref) {
  const containerRef = useRef<HTMLDivElement>(null);
  const handleRef = useRef<View | null>(null);

  useLayoutEffect(() => {
    const $view = containerRef.current;
    if (!$view) {
      return;
    }

    $view.innerHTML = '';
    handleRef.current = renderLineByLineView({$view, annotations});
  }, [annotations, config]);

  useImperativeHandle(ref, () => handleRef.current!, [annotations, config]);

  return <div
    ref={containerRef}
    style={style}
  />;
});
------------------------------------------------------------
// src/diplomatic/react/NormalizedLayout.tsx

import React, {
  forwardRef,
  useImperativeHandle,
  useLayoutEffect,
  useRef,
} from 'react';
import {Id} from "../Id";
import {Annotation} from "../AnnoModel";
import {OriginalLayoutConfig} from "../renderOriginalLayout";
import {renderLineByLineView} from "../../normalized/renderLineByLineView";
import {renderNormalizedLayout} from "../../normalized/renderNormalizedLayout";

export type OriginalLayoutProps = {
  annotations: Record<Id, Annotation>;
  config: OriginalLayoutConfig;
  style?: React.CSSProperties;
};

export type NormalizedLayoutRefResult = {
  $words: Record<Id, HTMLElement>;
  $overlay: SVGSVGElement;
};

export const NormalizedLayout = forwardRef<
  NormalizedLayoutRefResult,
  OriginalLayoutProps
>(function NormalizedLayout({annotations, config, style}, ref) {
  const containerRef = useRef<HTMLDivElement>(null);
  const handleRef = useRef<NormalizedLayoutRefResult | null>(null);

  useLayoutEffect(() => {
    const $view = containerRef.current;
    if (!$view) {
      return;
    }

    $view.innerHTML = '';
    handleRef.current = renderNormalizedLayout($view, annotations);
  }, [annotations, config]);

  useImperativeHandle(ref, () => handleRef.current!, [annotations, config]);

  return <div
    ref={containerRef}
    className="normalized-view"
    style={style}
  />;
});
------------------------------------------------------------
// src/diplomatic/react/OriginalLayout.tsx

import React, {
  forwardRef,
  useImperativeHandle,
  useLayoutEffect,
  useRef,
} from 'react';
import type {Annotation} from '../AnnoModel';
import type {Id} from '../Id';
import type {Scale} from '../Scale';
import {
  OriginalLayoutConfig,
  renderOriginalLayout,
} from '../renderOriginalLayout';

export type OriginalLayoutProps = {
  annotations: Record<Id, Annotation>;
  config: OriginalLayoutConfig;
  style?: React.CSSProperties;
};

export type OriginalLayoutRefResult = {
  scale: Scale;
  $words: Record<Id, HTMLElement>;
  $overlay: SVGSVGElement;
};

export const OriginalLayout = forwardRef<
  OriginalLayoutRefResult,
  OriginalLayoutProps
>(function OriginalLayout({annotations, config, style}, ref) {
  const containerRef = useRef<HTMLDivElement>(null);
  const handleRef = useRef<OriginalLayoutRefResult | null>(null);

  useLayoutEffect(() => {
    const $view = containerRef.current;
    if (!$view) {
      return;
    }

    $view.innerHTML = '';
    handleRef.current = renderOriginalLayout($view, annotations, config);
  }, [annotations, config]);

  useImperativeHandle(ref, () => handleRef.current!, [annotations, config]);

  return <div
    ref={containerRef}
    className="diplomatic-view"
    style={style}
  />;
});
------------------------------------------------------------
// src/diplomatic/react/example/DiplomaticExample.tsx

import {useAnnotationPage} from "../useAnnotationPage";
import {DiplomaticView} from "../DiplomaticView";

export function DiplomaticExample() {
  const pagePath = '../../iiif/annotations/transcriptions/NL-HaNA_1.04.02_3598_0797.json';
  const {annotations: pageAnnotations, page} = useAnnotationPage(pagePath);

  const entityPath = '../../iiif/annotations/entities/NL-HaNA_1.04.02_3598_0797.json';
  const {annotations: entityAnnotations} = useAnnotationPage(entityPath);

  if (!pageAnnotations || !entityAnnotations || !page) {
    return <div>Loading…</div>;
  }

  const annotations = {...pageAnnotations, ...entityAnnotations};
  return (
    <DiplomaticView
      annotations={annotations}
      config={{page, showRegions: true, showEntities: true, fit: "height"}}
      style={{height: '100vh'}}
    />
  );
}
------------------------------------------------------------
// src/diplomatic/react/example/Example.tsx

import React from "react";
import {DiplomaticExample} from "./DiplomaticExample";
import {OriginalLayoutExample} from "./OriginalLayoutExample";
import {$} from "../../example/$";
import {getExampleFromUrl} from "../../../util/getExampleFromUrl";
import {NormalizedExample} from "./NormalizedExample";
import {LineByLineExample} from "./LineByLineExample";
import {NormalizedLayout} from "../NormalizedLayout";

const examples = ['original-layout', 'diplomatic', 'normalized', 'line-by-line'] as const;

export function Example() {
  const example = getExampleFromUrl(examples);
  $(`a.${example}`)?.classList.add('active');
  if (example === 'original-layout') {
    return <OriginalLayoutExample/>;
  } else if (example === 'diplomatic') {
    return <DiplomaticExample/>;
  } else if (example === 'normalized') {
    return <NormalizedExample/>;
  } else if (example === 'line-by-line') {
    return <LineByLineExample/>;
  } else {
    return "Unknown example"
  }
}
------------------------------------------------------------
// src/diplomatic/react/example/LineByLineExample.tsx

import {useAnnotationPage} from "../useAnnotationPage";
import {LineByLineLayout} from "../LineByLineLayout";

export function LineByLineExample() {
  const pagePath = '../../iiif/annotations/transcriptions/NL-HaNA_1.04.02_3598_0797.json';
  const {annotations: pageAnnotations, page} = useAnnotationPage(pagePath);

  const entityPath = '../../iiif/annotations/entities/NL-HaNA_1.04.02_3598_0797.json';
  const {annotations: entityAnnotations} = useAnnotationPage(entityPath);

  if (!pageAnnotations || !entityAnnotations || !page) {
    return <div>Loading…</div>;
  }

  const annotations = {...pageAnnotations, ...entityAnnotations};
  return (
    <LineByLineLayout
      annotations={annotations}
      config={{page, fit: "height"}}
      style={{height: '100vh'}}
    />
  );
}
------------------------------------------------------------
// src/diplomatic/react/example/NormalizedExample.tsx

import {useAnnotationPage} from "../useAnnotationPage";
import {NormalizedLayout} from "../NormalizedLayout";

export function NormalizedExample() {
  const pagePath = '../../iiif/annotations/transcriptions/NL-HaNA_1.04.02_3598_0797.json';
  const {annotations: pageAnnotations, page} = useAnnotationPage(pagePath);

  const entityPath = '../../iiif/annotations/entities/NL-HaNA_1.04.02_3598_0797.json';
  const {annotations: entityAnnotations} = useAnnotationPage(entityPath);

  if (!pageAnnotations || !entityAnnotations || !page) {
    return <div>Loading…</div>;
  }

  const annotations = {...pageAnnotations, ...entityAnnotations};
  return (
    <NormalizedLayout
      annotations={annotations}
      config={{page, fit: "height"}}
      style={{height: '100vh'}}
    />
  );
}
------------------------------------------------------------
// src/diplomatic/react/example/OriginalLayoutExample.tsx

import {useAnnotationPage} from "../useAnnotationPage";
import {OriginalLayout} from "../OriginalLayout";

export function OriginalLayoutExample() {
  const path = '../../iiif/annotations/transcriptions/NL-HaNA_1.04.02_3598_0797.json';
  const { annotations, page } = useAnnotationPage(path);

  if (!annotations || !page) {
    return <div>Loading…</div>;
  }
  return <OriginalLayout
    annotations={annotations}
    config={{ page, fit: 'height' }}
    style={{height: '100vh'}}
  />;
}


------------------------------------------------------------
// src/diplomatic/react/index.tsx

import React from 'react';
import {createRoot} from 'react-dom/client';
import {$} from "../example/$";
import {Example} from "./example/Example";

document.addEventListener('DOMContentLoaded', () => {
  const $root = $('#root');
  const root = createRoot($root);
  root.render(<Example/>);
});
------------------------------------------------------------
// src/diplomatic/react/useAnnotationPage.tsx

import {useEffect, useState} from "react";
import type {Id} from "../Id";
import type {Annotation, AnnotationPage, PartOf} from "../AnnoModel";

export function useAnnotationPage(path: string) {
  const [annotations, setAnnotations] = useState<Record<Id, Annotation>>();
  const [page, setPage] = useState<PartOf>();

  useEffect(() => {
    fetch(path)
      .then((r) => r.json())
      .then((result: AnnotationPage) => {
        const mapped: Record<Id, Annotation> = {};
        for (const item of result.items) {
          mapped[item.id] = item;
        }
        setAnnotations(mapped);
        setPage(result.partOf);
      });
  }, [path]);

  return {annotations, page};
}
